<?xml version="1.0" encoding="UTF-8"?>
<!-- Generated by org.testng.reporters.JUnitReportReporter -->
<testsuite hostname="DESKTOP-3ACTDR3" failures="0" tests="28" name="com.bankguru.Customer.TC_01_New_Customer" time="0.018" errors="0" timestamp="31 May 2021 10:12:05 GMT" skipped="0">
  <testcase classname="com.bankguru.Customer.TC_01_New_Customer" name="NC_23_Telephone_Cannot_have_space" time="0.001"/>
  <testcase classname="com.bankguru.Customer.TC_01_New_Customer" name="NC_15_PIN_mustbe_numeric" time="0.001"/>
  <testcase classname="com.bankguru.Customer.TC_01_New_Customer" name="NC_04_Name_Cannot_havefirstCharacter_asBlankSpace" time="0.000"/>
  <testcase classname="com.bankguru.Customer.TC_01_New_Customer" name="NC_03_Name_Cannot_have_special_characters" time="0.001"/>
  <testcase classname="com.bankguru.Customer.TC_01_New_Customer" name="NC_19_PIN_cannot_have_first_blankSpace" time="0.001"/>
  <testcase classname="com.bankguru.Customer.TC_01_New_Customer" name="NC_06_Adress__havefirst_BlankSpace" time="0.000"/>
  <testcase classname="com.bankguru.Customer.TC_01_New_Customer" name="NC_24_Telephone_Cannot_have_special_Characters" time="0.000"/>
  <testcase classname="com.bankguru.Customer.TC_01_New_Customer" name="NC_08_City_Cannot_Be_Numeric" time="0.000"/>
  <testcase classname="com.bankguru.Customer.TC_01_New_Customer" name="NC_16_PIN_cannot_be_empty" time="0.000"/>
  <testcase classname="com.bankguru.Customer.TC_01_New_Customer" name="NC_10_City_Cannot_have_first_blankSpace" time="0.001"/>
  <testcase classname="com.bankguru.Customer.TC_01_New_Customer" name="NC_26_Email_must_be_correct_format" time="0.000"/>
  <testcase classname="com.bankguru.Customer.TC_01_New_Customer" name="NC_07_City_Field_Cannot_Be_Empty" time="0.000"/>
  <testcase classname="com.bankguru.Customer.TC_01_New_Customer" name="NC_22_Telephone_Cannot_have_first_blankSpace" time="0.001"/>
  <testcase classname="com.bankguru.Customer.TC_01_New_Customer" name="NC_12_State_Cannot_be_numeric" time="0.001"/>
  <testcase classname="com.bankguru.Customer.TC_01_New_Customer" name="NC_18_PIN_cannot_have_specialCharacters" time="0.001"/>
  <testcase classname="com.bankguru.Customer.TC_01_New_Customer" name="NC_28_Check_all_fields_label_as_requirement" time="0.000"/>
  <testcase classname="com.bankguru.Customer.TC_01_New_Customer" name="NC_20_PIN_cannot_have_blankSpace" time="0.000"/>
  <testcase classname="com.bankguru.Customer.TC_01_New_Customer" name="NC_05_Adress_Cannot_Be_Empty" time="0.000"/>
  <testcase classname="com.bankguru.Customer.TC_01_New_Customer" name="NC_14_City_Cannot_have_first_blankSpace" time="0.001"/>
  <testcase classname="com.bankguru.Customer.TC_01_New_Customer" name="NC_13_State_Cannot_have_specialCharacters" time="0.000"/>
  <testcase classname="com.bankguru.Customer.TC_01_New_Customer" name="NC_21_Telephone_Cannot_be_empty" time="0.001"/>
  <testcase classname="com.bankguru.Customer.TC_01_New_Customer" name="NC_27_Email_Cannot_have_space" time="0.000"/>
  <testcase classname="com.bankguru.Customer.TC_01_New_Customer" name="NC_01_Name_Can_Not_Be_Empty" time="0.005"/>
  <testcase classname="com.bankguru.Customer.TC_01_New_Customer" name="NC_02_Name_Can_Not_Be_Numeric" time="0.001"/>
  <testcase classname="com.bankguru.Customer.TC_01_New_Customer" name="NC_25_Email_Cannot_be_empty" time="0.000"/>
  <testcase classname="com.bankguru.Customer.TC_01_New_Customer" name="NC_09_City_Cannot_have_special_characters" time="0.000"/>
  <testcase classname="com.bankguru.Customer.TC_01_New_Customer" name="NC_11_State_Cannot_be_empty" time="0.001"/>
  <testcase classname="com.bankguru.Customer.TC_01_New_Customer" name="NC_17_PIN_must_have_6_digits" time="0.001"/>
</testsuite> <!-- com.bankguru.Customer.TC_01_New_Customer -->
