<?xml version="1.0" encoding="UTF-8"?>
<!-- Generated by org.testng.reporters.JUnitReportReporter -->
<testsuite hostname="sotateks-MacBook-Pro.local" failures="0" tests="28" name="com.bankguru.Customer.TC_01_New_Customer" time="11.826" errors="0" timestamp="04 Sep 2021 17:30:31 GMT" skipped="0">
  <testcase classname="com.bankguru.Customer.TC_01_New_Customer" name="NC_08_City_Cannot_Be_Numeric" time="0.322"/>
  <testcase classname="com.bankguru.Customer.TC_01_New_Customer" name="NC_15_PIN_mustbe_numeric" time="0.680"/>
  <testcase classname="com.bankguru.Customer.TC_01_New_Customer" name="NC_23_Telephone_Cannot_have_space" time="0.396"/>
  <testcase classname="com.bankguru.Customer.TC_01_New_Customer" name="NC_13_State_Cannot_have_specialCharacters" time="0.367"/>
  <testcase classname="com.bankguru.Customer.TC_01_New_Customer" name="NC_12_State_Cannot_be_numeric" time="0.307"/>
  <testcase classname="com.bankguru.Customer.TC_01_New_Customer" name="NC_03_Name_Cannot_have_special_characters" time="0.404"/>
  <testcase classname="com.bankguru.Customer.TC_01_New_Customer" name="NC_06_Adress__havefirst_BlankSpace" time="0.347"/>
  <testcase classname="com.bankguru.Customer.TC_01_New_Customer" name="NC_09_City_Cannot_have_special_characters" time="0.380"/>
  <testcase classname="com.bankguru.Customer.TC_01_New_Customer" name="NC_19_PIN_cannot_have_first_blankSpace" time="0.375"/>
  <testcase classname="com.bankguru.Customer.TC_01_New_Customer" name="NC_16_PIN_cannot_be_empty" time="0.353"/>
  <testcase classname="com.bankguru.Customer.TC_01_New_Customer" name="NC_14_StateCannot_have_first_blankSpace" time="0.376"/>
  <testcase classname="com.bankguru.Customer.TC_01_New_Customer" name="NC_28_Check_all_fields_label_as_requirement" time="0.168"/>
  <testcase classname="com.bankguru.Customer.TC_01_New_Customer" name="NC_24_Telephone_Cannot_have_special_Characters" time="0.405"/>
  <testcase classname="com.bankguru.Customer.TC_01_New_Customer" name="NC_01_Name_Can_Not_Be_Empty" time="0.877"/>
  <testcase classname="com.bankguru.Customer.TC_01_New_Customer" name="NC_22_Telephone_Cannot_have_first_blankSpace" time="0.323"/>
  <testcase classname="com.bankguru.Customer.TC_01_New_Customer" name="NC_25_Email_Cannot_be_empty" time="0.317"/>
  <testcase classname="com.bankguru.Customer.TC_01_New_Customer" name="NC_21_Telephone_Cannot_be_empty" time="0.695"/>
  <testcase classname="com.bankguru.Customer.TC_01_New_Customer" name="NC_20_PIN_cannot_have_blankSpace" time="0.388"/>
  <testcase classname="com.bankguru.Customer.TC_01_New_Customer" name="NC_11_State_Cannot_be_empty" time="1.211"/>
  <testcase classname="com.bankguru.Customer.TC_01_New_Customer" name="NC_10_City_Cannot_have_first_blankSpace" time="0.372"/>
  <testcase classname="com.bankguru.Customer.TC_01_New_Customer" name="NC_26_Email_must_be_correct_format" time="0.326"/>
  <testcase classname="com.bankguru.Customer.TC_01_New_Customer" name="NC_04_Name_Cannot_havefirstCharacter_asBlankSpace" time="0.380"/>
  <testcase classname="com.bankguru.Customer.TC_01_New_Customer" name="NC_27_Email_Cannot_have_space" time="0.367"/>
  <testcase classname="com.bankguru.Customer.TC_01_New_Customer" name="NC_18_PIN_cannot_have_specialCharacters" time="0.364"/>
  <testcase classname="com.bankguru.Customer.TC_01_New_Customer" name="NC_07_City_Field_Cannot_Be_Empty" time="0.338"/>
  <testcase classname="com.bankguru.Customer.TC_01_New_Customer" name="NC_02_Name_Can_Not_Be_Numeric" time="0.333"/>
  <testcase classname="com.bankguru.Customer.TC_01_New_Customer" name="NC_17_PIN_must_have_6_digits" time="0.306"/>
  <testcase classname="com.bankguru.Customer.TC_01_New_Customer" name="NC_05_Adress_Cannot_Be_Empty" time="0.349"/>
</testsuite> <!-- com.bankguru.Customer.TC_01_New_Customer -->
