<?xml version="1.0" encoding="UTF-8"?>
<!-- Generated by org.testng.reporters.JUnitReportReporter -->
<testsuite hostname="sotateks-MacBook-Pro.local" failures="0" tests="28" name="com.bankguru.Customer.TC_01_New_Customer" time="55.754" errors="0" timestamp="15 Oct 2021 17:04:57 GMT" skipped="0">
  <testcase classname="com.bankguru.Customer.TC_01_New_Customer" name="NC_13_State_Cannot_have_specialCharacters" time="0.366"/>
  <testcase classname="com.bankguru.Customer.TC_01_New_Customer" name="NC_15_PIN_mustbe_numeric" time="0.700"/>
  <testcase classname="com.bankguru.Customer.TC_01_New_Customer" name="NC_17_PIN_must_have_6_digits" time="0.320"/>
  <testcase classname="com.bankguru.Customer.TC_01_New_Customer" name="NC_22_Telephone_Cannot_have_first_blankSpace" time="0.328"/>
  <testcase classname="com.bankguru.Customer.TC_01_New_Customer" name="NC_02_Name_Can_Not_Be_Numeric" time="5.408"/>
  <testcase classname="com.bankguru.Customer.TC_01_New_Customer" name="NC_16_PIN_cannot_be_empty" time="0.336"/>
  <testcase classname="com.bankguru.Customer.TC_01_New_Customer" name="NC_20_PIN_cannot_have_blankSpace" time="0.394"/>
  <testcase classname="com.bankguru.Customer.TC_01_New_Customer" name="NC_14_StateCannot_have_first_blankSpace" time="0.383"/>
  <testcase classname="com.bankguru.Customer.TC_01_New_Customer" name="NC_18_PIN_cannot_have_specialCharacters" time="0.384"/>
  <testcase classname="com.bankguru.Customer.TC_01_New_Customer" name="NC_25_Email_Cannot_be_empty" time="0.338"/>
  <testcase classname="com.bankguru.Customer.TC_01_New_Customer" name="NC_06_Adress__havefirst_BlankSpace" time="5.375"/>
  <testcase classname="com.bankguru.Customer.TC_01_New_Customer" name="NC_10_City_Cannot_have_first_blankSpace" time="0.441"/>
  <testcase classname="com.bankguru.Customer.TC_01_New_Customer" name="NC_07_City_Field_Cannot_Be_Empty" time="5.271"/>
  <testcase classname="com.bankguru.Customer.TC_01_New_Customer" name="NC_12_State_Cannot_be_numeric" time="0.338"/>
  <testcase classname="com.bankguru.Customer.TC_01_New_Customer" name="NC_26_Email_must_be_correct_format" time="0.322"/>
  <testcase classname="com.bankguru.Customer.TC_01_New_Customer" name="NC_24_Telephone_Cannot_have_special_Characters" time="0.382"/>
  <testcase classname="com.bankguru.Customer.TC_01_New_Customer" name="NC_03_Name_Cannot_have_special_characters" time="5.305"/>
  <testcase classname="com.bankguru.Customer.TC_01_New_Customer" name="NC_23_Telephone_Cannot_have_space" time="0.382"/>
  <testcase classname="com.bankguru.Customer.TC_01_New_Customer" name="NC_05_Adress_Cannot_Be_Empty" time="5.298"/>
  <testcase classname="com.bankguru.Customer.TC_01_New_Customer" name="NC_11_State_Cannot_be_empty" time="1.152"/>
  <testcase classname="com.bankguru.Customer.TC_01_New_Customer" name="NC_21_Telephone_Cannot_be_empty" time="0.712"/>
  <testcase classname="com.bankguru.Customer.TC_01_New_Customer" name="NC_27_Email_Cannot_have_space" time="0.376"/>
  <testcase classname="com.bankguru.Customer.TC_01_New_Customer" name="NC_28_Check_all_fields_label_as_requirement" time="0.215"/>
  <testcase classname="com.bankguru.Customer.TC_01_New_Customer" name="NC_09_City_Cannot_have_special_characters" time="5.915"/>
  <testcase classname="com.bankguru.Customer.TC_01_New_Customer" name="NC_01_Name_Can_Not_Be_Empty" time="4.301"/>
  <testcase classname="com.bankguru.Customer.TC_01_New_Customer" name="NC_08_City_Cannot_Be_Numeric" time="5.370"/>
  <testcase classname="com.bankguru.Customer.TC_01_New_Customer" name="NC_19_PIN_cannot_have_first_blankSpace" time="0.357"/>
  <testcase classname="com.bankguru.Customer.TC_01_New_Customer" name="NC_04_Name_Cannot_havefirstCharacter_asBlankSpace" time="5.285"/>
</testsuite> <!-- com.bankguru.Customer.TC_01_New_Customer -->
